<?xml version="1.0" encoding="UTF-8"?>
<!-- Generated by org.testng.reporters.JUnitXMLReporter -->
<testsuite ignored="0" hostname="LAPTOP-04QVV94T" failures="7" tests="7" name="Test" time="2.224" errors="0" timestamp="2024-07-17T18:23:02 SAST">
  <testcase classname="io.cucumber.testng.AbstractTestNGCucumberTests" name="runScenario" time="0.403">
    <failure type="java.lang.IllegalArgumentException" message="Browser not supported: ${browserType}">
      <![CDATA[java.lang.IllegalArgumentException: Browser not supported: ${browserType}
at driver.DriverFactory.createDriver(DriverFactory.java:41)
at driver.DriverFactory.getDriver(DriverFactory.java:19)
at stepDefinitions.base.Hooks.setup(Hooks.java:21)
]]>
    </failure>
  </testcase> <!-- runScenario -->
  <testcase classname="io.cucumber.testng.AbstractTestNGCucumberTests" name="runScenario" time="0.403">
    <failure type="java.lang.IllegalArgumentException" message="Browser not supported: ${browserType}">
      <![CDATA[java.lang.IllegalArgumentException: Browser not supported: ${browserType}
at driver.DriverFactory.createDriver(DriverFactory.java:41)
at driver.DriverFactory.getDriver(DriverFactory.java:19)
at stepDefinitions.base.Hooks.setup(Hooks.java:21)
]]>
    </failure>
  </testcase> <!-- runScenario -->
  <testcase classname="io.cucumber.testng.AbstractTestNGCucumberTests" name="runScenario" time="0.403">
    <failure type="java.lang.IllegalArgumentException" message="Browser not supported: ${browserType}">
      <![CDATA[java.lang.IllegalArgumentException: Browser not supported: ${browserType}
at driver.DriverFactory.createDriver(DriverFactory.java:41)
at driver.DriverFactory.getDriver(DriverFactory.java:19)
at stepDefinitions.base.Hooks.setup(Hooks.java:21)
]]>
    </failure>
  </testcase> <!-- runScenario -->
  <testcase classname="io.cucumber.testng.AbstractTestNGCucumberTests" name="runScenario" time="0.04">
    <failure type="java.lang.IllegalArgumentException" message="Browser not supported: ${browserType}">
      <![CDATA[java.lang.IllegalArgumentException: Browser not supported: ${browserType}
at driver.DriverFactory.createDriver(DriverFactory.java:41)
at driver.DriverFactory.getDriver(DriverFactory.java:19)
at stepDefinitions.base.Hooks.setup(Hooks.java:21)
]]>
    </failure>
  </testcase> <!-- runScenario -->
  <testcase classname="io.cucumber.testng.AbstractTestNGCucumberTests" name="runScenario" time="0.044">
    <failure type="java.lang.IllegalArgumentException" message="Browser not supported: ${browserType}">
      <![CDATA[java.lang.IllegalArgumentException: Browser not supported: ${browserType}
at driver.DriverFactory.createDriver(DriverFactory.java:41)
at driver.DriverFactory.getDriver(DriverFactory.java:19)
at stepDefinitions.base.Hooks.setup(Hooks.java:21)
]]>
    </failure>
  </testcase> <!-- runScenario -->
  <testcase classname="io.cucumber.testng.AbstractTestNGCucumberTests" name="runScenario" time="0.051">
    <failure type="java.lang.IllegalArgumentException" message="Browser not supported: ${browserType}">
      <![CDATA[java.lang.IllegalArgumentException: Browser not supported: ${browserType}
at driver.DriverFactory.createDriver(DriverFactory.java:41)
at driver.DriverFactory.getDriver(DriverFactory.java:19)
at stepDefinitions.base.Hooks.setup(Hooks.java:21)
]]>
    </failure>
  </testcase> <!-- runScenario -->
  <testcase classname="io.cucumber.testng.AbstractTestNGCucumberTests" name="runScenario" time="0.022">
    <failure type="java.lang.IllegalArgumentException" message="Browser not supported: ${browserType}">
      <![CDATA[java.lang.IllegalArgumentException: Browser not supported: ${browserType}
at driver.DriverFactory.createDriver(DriverFactory.java:41)
at driver.DriverFactory.getDriver(DriverFactory.java:19)
at stepDefinitions.base.Hooks.setup(Hooks.java:21)
]]>
    </failure>
  </testcase> <!-- runScenario -->
</testsuite> <!-- Test -->
