-------------------------------------------------------------------------------
Test set: TestSuite
-------------------------------------------------------------------------------
Tests run: 7, Failures: 7, Errors: 0, Skipped: 0, Time elapsed: 3.949 s <<< FAILURE! -- in TestSuite
runners.TestRunner.runScenario["Validate - Successful & Unsuccessful Login", "WebDriver University - Login"](3) -- Time elapsed: 0.409 s <<< FAILURE!
java.lang.IllegalArgumentException: Browser not supported: ${browserType}
	at driver.DriverFactory.createDriver(DriverFactory.java:41)
	at driver.DriverFactory.getDriver(DriverFactory.java:19)
	at stepDefinitions.base.Hooks.setup(Hooks.java:21)

runners.TestRunner.runScenario["Validate Successful Submission - Unique Data", "WebDriver University - Contact Us Page"](3) -- Time elapsed: 0.423 s <<< FAILURE!
java.lang.IllegalArgumentException: Browser not supported: ${browserType}
	at driver.DriverFactory.createDriver(DriverFactory.java:41)
	at driver.DriverFactory.getDriver(DriverFactory.java:19)
	at stepDefinitions.base.Hooks.setup(Hooks.java:21)

runners.TestRunner.runScenario["Validate Successful Submission - Specific Data", "WebDriver University - Contact Us Page"](3) -- Time elapsed: 0.423 s <<< FAILURE!
java.lang.IllegalArgumentException: Browser not supported: ${browserType}
	at driver.DriverFactory.createDriver(DriverFactory.java:41)
	at driver.DriverFactory.getDriver(DriverFactory.java:19)
	at stepDefinitions.base.Hooks.setup(Hooks.java:21)

runners.TestRunner.runScenario["Validate - Unsuccessful and Unsuccessful Login", "WebDriver University - Login"](4) -- Time elapsed: 0.046 s <<< FAILURE!
java.lang.IllegalArgumentException: Browser not supported: ${browserType}
	at driver.DriverFactory.createDriver(DriverFactory.java:41)
	at driver.DriverFactory.getDriver(DriverFactory.java:19)
	at stepDefinitions.base.Hooks.setup(Hooks.java:21)

runners.TestRunner.runScenario["Validate - Unsuccessful and Unsuccessful Login", "WebDriver University - Login"](5) -- Time elapsed: 0 s <<< FAILURE!
java.lang.IllegalArgumentException: Browser not supported: ${browserType}
	at driver.DriverFactory.createDriver(DriverFactory.java:41)
	at driver.DriverFactory.getDriver(DriverFactory.java:19)
	at stepDefinitions.base.Hooks.setup(Hooks.java:21)

runners.TestRunner.runScenario["Validate - Unsuccessful Login", "WebDriver University - Login"](6) -- Time elapsed: 0 s <<< FAILURE!
java.lang.IllegalArgumentException: Browser not supported: ${browserType}
	at driver.DriverFactory.createDriver(DriverFactory.java:41)
	at driver.DriverFactory.getDriver(DriverFactory.java:19)
	at stepDefinitions.base.Hooks.setup(Hooks.java:21)

runners.TestRunner.runScenario["Validate - Unsuccessful and Unsuccessful Login", "WebDriver University - Login"](7) -- Time elapsed: 0.014 s <<< FAILURE!
java.lang.IllegalArgumentException: Browser not supported: ${browserType}
	at driver.DriverFactory.createDriver(DriverFactory.java:41)
	at driver.DriverFactory.getDriver(DriverFactory.java:19)
	at stepDefinitions.base.Hooks.setup(Hooks.java:21)

