<?xml version="1.0" encoding="UTF-8"?>
<testsuite xmlns:xsi="http://www.w3.org/2001/XMLSchema-instance" xsi:noNamespaceSchemaLocation="https://maven.apache.org/surefire/maven-surefire-plugin/xsd/surefire-test-report.xsd" version="3.0.2" name="TestSuite" time="3.949" tests="7" errors="0" skipped="0" failures="7">
  <properties>
    <property name="java.specification.version" value="22"/>
    <property name="sun.cpu.isalist" value="amd64"/>
    <property name="sun.jnu.encoding" value="Cp1252"/>
    <property name="java.class.path" value="C:\Users\Gomotsegang\IdeaProjects\ui-automation-framework\target\test-classes;C:\Users\Gomotsegang\IdeaProjects\ui-automation-framework\target\classes;C:\Users\Gomotsegang\.m2\repository\org\seleniumhq\selenium\selenium-java\4.21.0\selenium-java-4.21.0.jar;C:\Users\Gomotsegang\.m2\repository\org\seleniumhq\selenium\selenium-api\4.21.0\selenium-api-4.21.0.jar;C:\Users\Gomotsegang\.m2\repository\org\seleniumhq\selenium\selenium-chrome-driver\4.21.0\selenium-chrome-driver-4.21.0.jar;C:\Users\Gomotsegang\.m2\repository\com\google\auto\service\auto-service-annotations\1.1.1\auto-service-annotations-1.1.1.jar;C:\Users\Gomotsegang\.m2\repository\org\seleniumhq\selenium\selenium-chromium-driver\4.21.0\selenium-chromium-driver-4.21.0.jar;C:\Users\Gomotsegang\.m2\repository\org\seleniumhq\selenium\selenium-json\4.21.0\selenium-json-4.21.0.jar;C:\Users\Gomotsegang\.m2\repository\org\seleniumhq\selenium\selenium-manager\4.21.0\selenium-manager-4.21.0.jar;C:\Users\Gomotsegang\.m2\repository\org\seleniumhq\selenium\selenium-devtools-v123\4.21.0\selenium-devtools-v123-4.21.0.jar;C:\Users\Gomotsegang\.m2\repository\org\seleniumhq\selenium\selenium-devtools-v124\4.21.0\selenium-devtools-v124-4.21.0.jar;C:\Users\Gomotsegang\.m2\repository\org\seleniumhq\selenium\selenium-devtools-v125\4.21.0\selenium-devtools-v125-4.21.0.jar;C:\Users\Gomotsegang\.m2\repository\org\seleniumhq\selenium\selenium-devtools-v85\4.21.0\selenium-devtools-v85-4.21.0.jar;C:\Users\Gomotsegang\.m2\repository\org\seleniumhq\selenium\selenium-edge-driver\4.21.0\selenium-edge-driver-4.21.0.jar;C:\Users\Gomotsegang\.m2\repository\org\seleniumhq\selenium\selenium-firefox-driver\4.21.0\selenium-firefox-driver-4.21.0.jar;C:\Users\Gomotsegang\.m2\repository\org\seleniumhq\selenium\selenium-http\4.21.0\selenium-http-4.21.0.jar;C:\Users\Gomotsegang\.m2\repository\dev\failsafe\failsafe\3.3.2\failsafe-3.3.2.jar;C:\Users\Gomotsegang\.m2\repository\org\seleniumhq\selenium\selenium-ie-driver\4.21.0\selenium-ie-driver-4.21.0.jar;C:\Users\Gomotsegang\.m2\repository\org\seleniumhq\selenium\selenium-remote-driver\4.21.0\selenium-remote-driver-4.21.0.jar;C:\Users\Gomotsegang\.m2\repository\com\google\guava\guava\33.2.0-jre\guava-33.2.0-jre.jar;C:\Users\Gomotsegang\.m2\repository\com\google\guava\failureaccess\1.0.2\failureaccess-1.0.2.jar;C:\Users\Gomotsegang\.m2\repository\com\google\guava\listenablefuture\9999.0-empty-to-avoid-conflict-with-guava\listenablefuture-9999.0-empty-to-avoid-conflict-with-guava.jar;C:\Users\Gomotsegang\.m2\repository\com\google\code\findbugs\jsr305\3.0.2\jsr305-3.0.2.jar;C:\Users\Gomotsegang\.m2\repository\org\checkerframework\checker-qual\3.42.0\checker-qual-3.42.0.jar;C:\Users\Gomotsegang\.m2\repository\com\google\errorprone\error_prone_annotations\2.26.1\error_prone_annotations-2.26.1.jar;C:\Users\Gomotsegang\.m2\repository\com\google\j2objc\j2objc-annotations\3.0.0\j2objc-annotations-3.0.0.jar;C:\Users\Gomotsegang\.m2\repository\io\opentelemetry\semconv\opentelemetry-semconv\1.25.0-alpha\opentelemetry-semconv-1.25.0-alpha.jar;C:\Users\Gomotsegang\.m2\repository\io\opentelemetry\opentelemetry-api\1.38.0\opentelemetry-api-1.38.0.jar;C:\Users\Gomotsegang\.m2\repository\io\opentelemetry\opentelemetry-context\1.38.0\opentelemetry-context-1.38.0.jar;C:\Users\Gomotsegang\.m2\repository\io\opentelemetry\opentelemetry-exporter-logging\1.38.0\opentelemetry-exporter-logging-1.38.0.jar;C:\Users\Gomotsegang\.m2\repository\io\opentelemetry\opentelemetry-sdk-common\1.38.0\opentelemetry-sdk-common-1.38.0.jar;C:\Users\Gomotsegang\.m2\repository\io\opentelemetry\opentelemetry-sdk-extension-autoconfigure-spi\1.38.0\opentelemetry-sdk-extension-autoconfigure-spi-1.38.0.jar;C:\Users\Gomotsegang\.m2\repository\io\opentelemetry\opentelemetry-sdk-extension-autoconfigure\1.38.0\opentelemetry-sdk-extension-autoconfigure-1.38.0.jar;C:\Users\Gomotsegang\.m2\repository\io\opentelemetry\opentelemetry-api-incubator\1.38.0-alpha\opentelemetry-api-incubator-1.38.0-alpha.jar;C:\Users\Gomotsegang\.m2\repository\io\opentelemetry\opentelemetry-sdk-trace\1.38.0\opentelemetry-sdk-trace-1.38.0.jar;C:\Users\Gomotsegang\.m2\repository\io\opentelemetry\opentelemetry-sdk\1.38.0\opentelemetry-sdk-1.38.0.jar;C:\Users\Gomotsegang\.m2\repository\io\opentelemetry\opentelemetry-sdk-metrics\1.38.0\opentelemetry-sdk-metrics-1.38.0.jar;C:\Users\Gomotsegang\.m2\repository\io\opentelemetry\opentelemetry-sdk-logs\1.38.0\opentelemetry-sdk-logs-1.38.0.jar;C:\Users\Gomotsegang\.m2\repository\net\bytebuddy\byte-buddy\1.14.15\byte-buddy-1.14.15.jar;C:\Users\Gomotsegang\.m2\repository\org\seleniumhq\selenium\selenium-os\4.21.0\selenium-os-4.21.0.jar;C:\Users\Gomotsegang\.m2\repository\org\apache\commons\commons-exec\1.4.0\commons-exec-1.4.0.jar;C:\Users\Gomotsegang\.m2\repository\org\seleniumhq\selenium\selenium-safari-driver\4.21.0\selenium-safari-driver-4.21.0.jar;C:\Users\Gomotsegang\.m2\repository\org\seleniumhq\selenium\selenium-support\4.21.0\selenium-support-4.21.0.jar;C:\Users\Gomotsegang\.m2\repository\org\apache\maven\plugins\maven-compiler-plugin\3.13.0\maven-compiler-plugin-3.13.0.jar;C:\Users\Gomotsegang\.m2\repository\org\apache\maven\shared\maven-shared-utils\3.4.2\maven-shared-utils-3.4.2.jar;C:\Users\Gomotsegang\.m2\repository\commons-io\commons-io\2.11.0\commons-io-2.11.0.jar;C:\Users\Gomotsegang\.m2\repository\org\apache\maven\shared\maven-shared-incremental\1.1\maven-shared-incremental-1.1.jar;C:\Users\Gomotsegang\.m2\repository\org\codehaus\plexus\plexus-java\1.2.0\plexus-java-1.2.0.jar;C:\Users\Gomotsegang\.m2\repository\org\ow2\asm\asm\9.6\asm-9.6.jar;C:\Users\Gomotsegang\.m2\repository\com\thoughtworks\qdox\qdox\2.0.3\qdox-2.0.3.jar;C:\Users\Gomotsegang\.m2\repository\org\codehaus\plexus\plexus-compiler-api\2.15.0\plexus-compiler-api-2.15.0.jar;C:\Users\Gomotsegang\.m2\repository\org\codehaus\plexus\plexus-compiler-manager\2.15.0\plexus-compiler-manager-2.15.0.jar;C:\Users\Gomotsegang\.m2\repository\javax\inject\javax.inject\1\javax.inject-1.jar;C:\Users\Gomotsegang\.m2\repository\org\codehaus\plexus\plexus-xml\3.0.0\plexus-xml-3.0.0.jar;C:\Users\Gomotsegang\.m2\repository\org\codehaus\plexus\plexus-compiler-javac\2.15.0\plexus-compiler-javac-2.15.0.jar;C:\Users\Gomotsegang\.m2\repository\org\codehaus\plexus\plexus-utils\4.0.0\plexus-utils-4.0.0.jar;C:\Users\Gomotsegang\.m2\repository\io\cucumber\cucumber-java\7.18.0\cucumber-java-7.18.0.jar;C:\Users\Gomotsegang\.m2\repository\io\cucumber\cucumber-core\7.18.0\cucumber-core-7.18.0.jar;C:\Users\Gomotsegang\.m2\repository\io\cucumber\cucumber-gherkin\7.18.0\cucumber-gherkin-7.18.0.jar;C:\Users\Gomotsegang\.m2\repository\io\cucumber\cucumber-gherkin-messages\7.18.0\cucumber-gherkin-messages-7.18.0.jar;C:\Users\Gomotsegang\.m2\repository\io\cucumber\gherkin\28.0.0\gherkin-28.0.0.jar;C:\Users\Gomotsegang\.m2\repository\io\cucumber\messages\24.1.0\messages-24.1.0.jar;C:\Users\Gomotsegang\.m2\repository\io\cucumber\testng-xml-formatter\0.1.0\testng-xml-formatter-0.1.0.jar;C:\Users\Gomotsegang\.m2\repository\io\cucumber\query\12.2.0\query-12.2.0.jar;C:\Users\Gomotsegang\.m2\repository\io\cucumber\tag-expressions\6.1.0\tag-expressions-6.1.0.jar;C:\Users\Gomotsegang\.m2\repository\io\cucumber\cucumber-expressions\17.1.0\cucumber-expressions-17.1.0.jar;C:\Users\Gomotsegang\.m2\repository\io\cucumber\datatable\7.18.0\datatable-7.18.0.jar;C:\Users\Gomotsegang\.m2\repository\io\cucumber\cucumber-plugin\7.18.0\cucumber-plugin-7.18.0.jar;C:\Users\Gomotsegang\.m2\repository\io\cucumber\docstring\7.18.0\docstring-7.18.0.jar;C:\Users\Gomotsegang\.m2\repository\io\cucumber\html-formatter\21.3.1\html-formatter-21.3.1.jar;C:\Users\Gomotsegang\.m2\repository\io\cucumber\junit-xml-formatter\0.4.0\junit-xml-formatter-0.4.0.jar;C:\Users\Gomotsegang\.m2\repository\io\cucumber\ci-environment\10.0.1\ci-environment-10.0.1.jar;C:\Users\Gomotsegang\.m2\repository\org\apiguardian\apiguardian-api\1.1.2\apiguardian-api-1.1.2.jar;C:\Users\Gomotsegang\.m2\repository\io\cucumber\cucumber-testng\7.18.0\cucumber-testng-7.18.0.jar;C:\Users\Gomotsegang\.m2\repository\org\testng\testng\7.10.2\testng-7.10.2.jar;C:\Users\Gomotsegang\.m2\repository\com\beust\jcommander\1.82\jcommander-1.82.jar;C:\Users\Gomotsegang\.m2\repository\org\webjars\jquery\3.7.1\jquery-3.7.1.jar;C:\Users\Gomotsegang\.m2\repository\org\apache\commons\commons-lang3\3.14.0\commons-lang3-3.14.0.jar;C:\Users\Gomotsegang\.m2\repository\ch\qos\logback\logback-classic\1.5.6\logback-classic-1.5.6.jar;C:\Users\Gomotsegang\.m2\repository\ch\qos\logback\logback-core\1.5.6\logback-core-1.5.6.jar;C:\Users\Gomotsegang\.m2\repository\org\slf4j\slf4j-api\2.0.13\slf4j-api-2.0.13.jar;C:\Users\Gomotsegang\.m2\repository\io\cucumber\cucumber-picocontainer\7.18.0\cucumber-picocontainer-7.18.0.jar;C:\Users\Gomotsegang\.m2\repository\org\picocontainer\picocontainer\2.15\picocontainer-2.15.jar;C:\Users\Gomotsegang\.m2\repository\junit\junit\4.13.2\junit-4.13.2.jar;C:\Users\Gomotsegang\.m2\repository\org\hamcrest\hamcrest-core\1.3\hamcrest-core-1.3.jar;"/>
    <property name="java.vm.vendor" value="Oracle Corporation"/>
    <property name="sun.arch.data.model" value="64"/>
    <property name="user.variant" value=""/>
    <property name="java.vendor.url" value="https://java.oracle.com/"/>
    <property name="user.timezone" value="Africa/Johannesburg"/>
    <property name="os.name" value="Windows 11"/>
    <property name="java.vm.specification.version" value="22"/>
    <property name="dataproviderthreadcount" value="${threadCount}"/>
    <property name="sun.java.launcher" value="SUN_STANDARD"/>
    <property name="user.country" value="US"/>
    <property name="sun.boot.library.path" value="C:\Program Files\Java\jdk-22\bin"/>
    <property name="sun.java.command" value="C:\Users\Gomotsegang\AppData\Local\Temp\surefire15704842889868934941\surefirebooter-20240717182258146_3.jar C:\Users\Gomotsegang\AppData\Local\Temp\surefire15704842889868934941 2024-07-17T18-22-57_931-jvmRun1 surefire-20240717182258146_1tmp surefire_0-20240717182258146_2tmp"/>
    <property name="jdk.debug" value="release"/>
    <property name="surefire.test.class.path" value="C:\Users\Gomotsegang\IdeaProjects\ui-automation-framework\target\test-classes;C:\Users\Gomotsegang\IdeaProjects\ui-automation-framework\target\classes;C:\Users\Gomotsegang\.m2\repository\org\seleniumhq\selenium\selenium-java\4.21.0\selenium-java-4.21.0.jar;C:\Users\Gomotsegang\.m2\repository\org\seleniumhq\selenium\selenium-api\4.21.0\selenium-api-4.21.0.jar;C:\Users\Gomotsegang\.m2\repository\org\seleniumhq\selenium\selenium-chrome-driver\4.21.0\selenium-chrome-driver-4.21.0.jar;C:\Users\Gomotsegang\.m2\repository\com\google\auto\service\auto-service-annotations\1.1.1\auto-service-annotations-1.1.1.jar;C:\Users\Gomotsegang\.m2\repository\org\seleniumhq\selenium\selenium-chromium-driver\4.21.0\selenium-chromium-driver-4.21.0.jar;C:\Users\Gomotsegang\.m2\repository\org\seleniumhq\selenium\selenium-json\4.21.0\selenium-json-4.21.0.jar;C:\Users\Gomotsegang\.m2\repository\org\seleniumhq\selenium\selenium-manager\4.21.0\selenium-manager-4.21.0.jar;C:\Users\Gomotsegang\.m2\repository\org\seleniumhq\selenium\selenium-devtools-v123\4.21.0\selenium-devtools-v123-4.21.0.jar;C:\Users\Gomotsegang\.m2\repository\org\seleniumhq\selenium\selenium-devtools-v124\4.21.0\selenium-devtools-v124-4.21.0.jar;C:\Users\Gomotsegang\.m2\repository\org\seleniumhq\selenium\selenium-devtools-v125\4.21.0\selenium-devtools-v125-4.21.0.jar;C:\Users\Gomotsegang\.m2\repository\org\seleniumhq\selenium\selenium-devtools-v85\4.21.0\selenium-devtools-v85-4.21.0.jar;C:\Users\Gomotsegang\.m2\repository\org\seleniumhq\selenium\selenium-edge-driver\4.21.0\selenium-edge-driver-4.21.0.jar;C:\Users\Gomotsegang\.m2\repository\org\seleniumhq\selenium\selenium-firefox-driver\4.21.0\selenium-firefox-driver-4.21.0.jar;C:\Users\Gomotsegang\.m2\repository\org\seleniumhq\selenium\selenium-http\4.21.0\selenium-http-4.21.0.jar;C:\Users\Gomotsegang\.m2\repository\dev\failsafe\failsafe\3.3.2\failsafe-3.3.2.jar;C:\Users\Gomotsegang\.m2\repository\org\seleniumhq\selenium\selenium-ie-driver\4.21.0\selenium-ie-driver-4.21.0.jar;C:\Users\Gomotsegang\.m2\repository\org\seleniumhq\selenium\selenium-remote-driver\4.21.0\selenium-remote-driver-4.21.0.jar;C:\Users\Gomotsegang\.m2\repository\com\google\guava\guava\33.2.0-jre\guava-33.2.0-jre.jar;C:\Users\Gomotsegang\.m2\repository\com\google\guava\failureaccess\1.0.2\failureaccess-1.0.2.jar;C:\Users\Gomotsegang\.m2\repository\com\google\guava\listenablefuture\9999.0-empty-to-avoid-conflict-with-guava\listenablefuture-9999.0-empty-to-avoid-conflict-with-guava.jar;C:\Users\Gomotsegang\.m2\repository\com\google\code\findbugs\jsr305\3.0.2\jsr305-3.0.2.jar;C:\Users\Gomotsegang\.m2\repository\org\checkerframework\checker-qual\3.42.0\checker-qual-3.42.0.jar;C:\Users\Gomotsegang\.m2\repository\com\google\errorprone\error_prone_annotations\2.26.1\error_prone_annotations-2.26.1.jar;C:\Users\Gomotsegang\.m2\repository\com\google\j2objc\j2objc-annotations\3.0.0\j2objc-annotations-3.0.0.jar;C:\Users\Gomotsegang\.m2\repository\io\opentelemetry\semconv\opentelemetry-semconv\1.25.0-alpha\opentelemetry-semconv-1.25.0-alpha.jar;C:\Users\Gomotsegang\.m2\repository\io\opentelemetry\opentelemetry-api\1.38.0\opentelemetry-api-1.38.0.jar;C:\Users\Gomotsegang\.m2\repository\io\opentelemetry\opentelemetry-context\1.38.0\opentelemetry-context-1.38.0.jar;C:\Users\Gomotsegang\.m2\repository\io\opentelemetry\opentelemetry-exporter-logging\1.38.0\opentelemetry-exporter-logging-1.38.0.jar;C:\Users\Gomotsegang\.m2\repository\io\opentelemetry\opentelemetry-sdk-common\1.38.0\opentelemetry-sdk-common-1.38.0.jar;C:\Users\Gomotsegang\.m2\repository\io\opentelemetry\opentelemetry-sdk-extension-autoconfigure-spi\1.38.0\opentelemetry-sdk-extension-autoconfigure-spi-1.38.0.jar;C:\Users\Gomotsegang\.m2\repository\io\opentelemetry\opentelemetry-sdk-extension-autoconfigure\1.38.0\opentelemetry-sdk-extension-autoconfigure-1.38.0.jar;C:\Users\Gomotsegang\.m2\repository\io\opentelemetry\opentelemetry-api-incubator\1.38.0-alpha\opentelemetry-api-incubator-1.38.0-alpha.jar;C:\Users\Gomotsegang\.m2\repository\io\opentelemetry\opentelemetry-sdk-trace\1.38.0\opentelemetry-sdk-trace-1.38.0.jar;C:\Users\Gomotsegang\.m2\repository\io\opentelemetry\opentelemetry-sdk\1.38.0\opentelemetry-sdk-1.38.0.jar;C:\Users\Gomotsegang\.m2\repository\io\opentelemetry\opentelemetry-sdk-metrics\1.38.0\opentelemetry-sdk-metrics-1.38.0.jar;C:\Users\Gomotsegang\.m2\repository\io\opentelemetry\opentelemetry-sdk-logs\1.38.0\opentelemetry-sdk-logs-1.38.0.jar;C:\Users\Gomotsegang\.m2\repository\net\bytebuddy\byte-buddy\1.14.15\byte-buddy-1.14.15.jar;C:\Users\Gomotsegang\.m2\repository\org\seleniumhq\selenium\selenium-os\4.21.0\selenium-os-4.21.0.jar;C:\Users\Gomotsegang\.m2\repository\org\apache\commons\commons-exec\1.4.0\commons-exec-1.4.0.jar;C:\Users\Gomotsegang\.m2\repository\org\seleniumhq\selenium\selenium-safari-driver\4.21.0\selenium-safari-driver-4.21.0.jar;C:\Users\Gomotsegang\.m2\repository\org\seleniumhq\selenium\selenium-support\4.21.0\selenium-support-4.21.0.jar;C:\Users\Gomotsegang\.m2\repository\org\apache\maven\plugins\maven-compiler-plugin\3.13.0\maven-compiler-plugin-3.13.0.jar;C:\Users\Gomotsegang\.m2\repository\org\apache\maven\shared\maven-shared-utils\3.4.2\maven-shared-utils-3.4.2.jar;C:\Users\Gomotsegang\.m2\repository\commons-io\commons-io\2.11.0\commons-io-2.11.0.jar;C:\Users\Gomotsegang\.m2\repository\org\apache\maven\shared\maven-shared-incremental\1.1\maven-shared-incremental-1.1.jar;C:\Users\Gomotsegang\.m2\repository\org\codehaus\plexus\plexus-java\1.2.0\plexus-java-1.2.0.jar;C:\Users\Gomotsegang\.m2\repository\org\ow2\asm\asm\9.6\asm-9.6.jar;C:\Users\Gomotsegang\.m2\repository\com\thoughtworks\qdox\qdox\2.0.3\qdox-2.0.3.jar;C:\Users\Gomotsegang\.m2\repository\org\codehaus\plexus\plexus-compiler-api\2.15.0\plexus-compiler-api-2.15.0.jar;C:\Users\Gomotsegang\.m2\repository\org\codehaus\plexus\plexus-compiler-manager\2.15.0\plexus-compiler-manager-2.15.0.jar;C:\Users\Gomotsegang\.m2\repository\javax\inject\javax.inject\1\javax.inject-1.jar;C:\Users\Gomotsegang\.m2\repository\org\codehaus\plexus\plexus-xml\3.0.0\plexus-xml-3.0.0.jar;C:\Users\Gomotsegang\.m2\repository\org\codehaus\plexus\plexus-compiler-javac\2.15.0\plexus-compiler-javac-2.15.0.jar;C:\Users\Gomotsegang\.m2\repository\org\codehaus\plexus\plexus-utils\4.0.0\plexus-utils-4.0.0.jar;C:\Users\Gomotsegang\.m2\repository\io\cucumber\cucumber-java\7.18.0\cucumber-java-7.18.0.jar;C:\Users\Gomotsegang\.m2\repository\io\cucumber\cucumber-core\7.18.0\cucumber-core-7.18.0.jar;C:\Users\Gomotsegang\.m2\repository\io\cucumber\cucumber-gherkin\7.18.0\cucumber-gherkin-7.18.0.jar;C:\Users\Gomotsegang\.m2\repository\io\cucumber\cucumber-gherkin-messages\7.18.0\cucumber-gherkin-messages-7.18.0.jar;C:\Users\Gomotsegang\.m2\repository\io\cucumber\gherkin\28.0.0\gherkin-28.0.0.jar;C:\Users\Gomotsegang\.m2\repository\io\cucumber\messages\24.1.0\messages-24.1.0.jar;C:\Users\Gomotsegang\.m2\repository\io\cucumber\testng-xml-formatter\0.1.0\testng-xml-formatter-0.1.0.jar;C:\Users\Gomotsegang\.m2\repository\io\cucumber\query\12.2.0\query-12.2.0.jar;C:\Users\Gomotsegang\.m2\repository\io\cucumber\tag-expressions\6.1.0\tag-expressions-6.1.0.jar;C:\Users\Gomotsegang\.m2\repository\io\cucumber\cucumber-expressions\17.1.0\cucumber-expressions-17.1.0.jar;C:\Users\Gomotsegang\.m2\repository\io\cucumber\datatable\7.18.0\datatable-7.18.0.jar;C:\Users\Gomotsegang\.m2\repository\io\cucumber\cucumber-plugin\7.18.0\cucumber-plugin-7.18.0.jar;C:\Users\Gomotsegang\.m2\repository\io\cucumber\docstring\7.18.0\docstring-7.18.0.jar;C:\Users\Gomotsegang\.m2\repository\io\cucumber\html-formatter\21.3.1\html-formatter-21.3.1.jar;C:\Users\Gomotsegang\.m2\repository\io\cucumber\junit-xml-formatter\0.4.0\junit-xml-formatter-0.4.0.jar;C:\Users\Gomotsegang\.m2\repository\io\cucumber\ci-environment\10.0.1\ci-environment-10.0.1.jar;C:\Users\Gomotsegang\.m2\repository\org\apiguardian\apiguardian-api\1.1.2\apiguardian-api-1.1.2.jar;C:\Users\Gomotsegang\.m2\repository\io\cucumber\cucumber-testng\7.18.0\cucumber-testng-7.18.0.jar;C:\Users\Gomotsegang\.m2\repository\org\testng\testng\7.10.2\testng-7.10.2.jar;C:\Users\Gomotsegang\.m2\repository\com\beust\jcommander\1.82\jcommander-1.82.jar;C:\Users\Gomotsegang\.m2\repository\org\webjars\jquery\3.7.1\jquery-3.7.1.jar;C:\Users\Gomotsegang\.m2\repository\org\apache\commons\commons-lang3\3.14.0\commons-lang3-3.14.0.jar;C:\Users\Gomotsegang\.m2\repository\ch\qos\logback\logback-classic\1.5.6\logback-classic-1.5.6.jar;C:\Users\Gomotsegang\.m2\repository\ch\qos\logback\logback-core\1.5.6\logback-core-1.5.6.jar;C:\Users\Gomotsegang\.m2\repository\org\slf4j\slf4j-api\2.0.13\slf4j-api-2.0.13.jar;C:\Users\Gomotsegang\.m2\repository\io\cucumber\cucumber-picocontainer\7.18.0\cucumber-picocontainer-7.18.0.jar;C:\Users\Gomotsegang\.m2\repository\org\picocontainer\picocontainer\2.15\picocontainer-2.15.jar;C:\Users\Gomotsegang\.m2\repository\junit\junit\4.13.2\junit-4.13.2.jar;C:\Users\Gomotsegang\.m2\repository\org\hamcrest\hamcrest-core\1.3\hamcrest-core-1.3.jar;"/>
    <property name="sun.cpu.endian" value="little"/>
    <property name="user.home" value="C:\Users\Gomotsegang"/>
    <property name="user.language" value="en"/>
    <property name="java.specification.vendor" value="Oracle Corporation"/>
    <property name="java.version.date" value="2024-04-16"/>
    <property name="java.home" value="C:\Program Files\Java\jdk-22"/>
    <property name="file.separator" value="\"/>
    <property name="basedir" value="C:\Users\Gomotsegang\IdeaProjects\ui-automation-framework"/>
    <property name="java.vm.compressedOopsMode" value="32-bit"/>
    <property name="line.separator" value="&#10;"/>
    <property name="java.vm.specification.vendor" value="Oracle Corporation"/>
    <property name="java.specification.name" value="Java Platform API Specification"/>
    <property name="surefire.real.class.path" value="C:\Users\Gomotsegang\AppData\Local\Temp\surefire15704842889868934941\surefirebooter-20240717182258146_3.jar"/>
    <property name="user.script" value=""/>
    <property name="sun.management.compiler" value="HotSpot 64-Bit Tiered Compilers"/>
    <property name="java.runtime.version" value="22.0.1+8-16"/>
    <property name="user.name" value="Gomotsegang"/>
    <property name="stdout.encoding" value="Cp1252"/>
    <property name="path.separator" value=";"/>
    <property name="os.version" value="10.0"/>
    <property name="browserType" value="${browserType}"/>
    <property name="java.runtime.name" value="Java(TM) SE Runtime Environment"/>
    <property name="file.encoding" value="UTF-8"/>
    <property name="java.vm.name" value="Java HotSpot(TM) 64-Bit Server VM"/>
    <property name="localRepository" value="C:\Users\Gomotsegang\.m2\repository"/>
    <property name="java.vendor.url.bug" value="https://bugreport.java.com/bugreport/"/>
    <property name="java.io.tmpdir" value="C:\Users\GOMOTS~1\AppData\Local\Temp\"/>
    <property name="java.version" value="22.0.1"/>
    <property name="cucumber.filter.tags" value="@regression "/>
    <property name="user.dir" value="C:\Users\Gomotsegang\IdeaProjects\ui-automation-framework"/>
    <property name="os.arch" value="amd64"/>
    <property name="java.vm.specification.name" value="Java Virtual Machine Specification"/>
    <property name="sun.os.patch.level" value=""/>
    <property name="native.encoding" value="Cp1252"/>
    <property name="java.library.path" value="C:\Program Files\Java\jdk-22\bin;C:\Windows\Sun\Java\bin;C:\Windows\system32;C:\Windows;C:\Program Files\Dev_Programs\apache-maven-3.9.6/bin;C:\Program Files\Java\jdk-22/bin;C:\Program Files\Java\jdk-22/bin;C:\Program Files\Java\jdk-21\bin;C:\Program Files\Common Files\Oracle\Java\javapath;C:\Program Files (x86)\Common Files\Oracle\Java\java8path;C:\Program Files (x86)\Common Files\Oracle\Java\javapath;C:\Windows\system32;C:\Windows;C:\Windows\System32\Wbem;C:\Windows\System32\WindowsPowerShell\v1.0\;C:\Windows\System32\OpenSSH\;C:\Program Files\Dev_Programs\apache-maven-3.9.6\bin;C:\Program Files\Git\cmd;C:\Users\Gomotsegang\AppData\Local\Microsoft\WindowsApps;C:\Users\Gomotsegang\AppData\Local\Programs\Microsoft VS Code\bin;."/>
    <property name="java.vm.info" value="mixed mode, sharing"/>
    <property name="stderr.encoding" value="Cp1252"/>
    <property name="java.vendor" value="Oracle Corporation"/>
    <property name="java.vm.version" value="22.0.1+8-16"/>
    <property name="sun.io.unicode.encoding" value="UnicodeLittle"/>
    <property name="java.class.version" value="66.0"/>
  </properties>
  <testcase name="runScenario[&quot;Validate - Successful &amp; Unsuccessful Login&quot;, &quot;WebDriver University - Login&quot;](3)" classname="runners.TestRunner" time="0.409">
    <failure message="Browser not supported: ${browserType}" type="java.lang.IllegalArgumentException"><![CDATA[java.lang.IllegalArgumentException: Browser not supported: ${browserType}
	at driver.DriverFactory.createDriver(DriverFactory.java:41)
	at driver.DriverFactory.getDriver(DriverFactory.java:19)
	at stepDefinitions.base.Hooks.setup(Hooks.java:21)
]]></failure>
    <system-out><![CDATA[18:22:59.191 [main] DEBUG org.testng.TestNG -- suiteXmlPath: "C:\Users\Gomotsegang\IdeaProjects\ui-automation-framework\src\test\java\runners\testng\testng.xml"

@login @regression
Scenario: Validate - Successful & Unsuccessful Login                               # src/test/resources/features/Login.feature:7

@contact-us @regression
Scenario: Validate Successful Submission - Unique Data                       # src/test/resources/features/Contact_Us.feature:8

@contact-us @regression
Scenario: Validate Successful Submission - Specific Data                     # src/test/resources/features/Contact_Us.feature:17
      java.lang.IllegalArgumentException: Browser not supported: ${browserType}
	at driver.DriverFactory.createDriver(DriverFactory.java:41)
	at driver.DriverFactory.getDriver(DriverFactory.java:19)
	at stepDefinitions.base.Hooks.setup(Hooks.java:21)

      java.lang.IllegalArgumentException: Browser not supported: ${browserType}
	at driver.DriverFactory.createDriver(DriverFactory.java:41)
	at driver.DriverFactory.getDriver(DriverFactory.java:19)
	at stepDefinitions.base.Hooks.setup(Hooks.java:21)

      java.lang.IllegalArgumentException: Browser not supported: ${browserType}
	at driver.DriverFactory.createDriver(DriverFactory.java:41)
	at driver.DriverFactory.getDriver(DriverFactory.java:19)
	at stepDefinitions.base.Hooks.setup(Hooks.java:21)

  Given I access the web-driver university contact us page                   # stepDefinitions.Contact_Us.iAccessTheWebDriverUniversityContactUsPage()
  Given I can access WebDriver university website                                  # stepDefinitions.Login.iCanAccessWebDriverUniversityWebsite()
  Given I access the web-driver university contact us page                   # stepDefinitions.Contact_Us.iAccessTheWebDriverUniversityContactUsPage()
  When I enter a specific first name Joe                                     # stepDefinitions.Contact_Us.iEnterASpecificFirstname(java.lang.String)
  When I enter a unique first name                                           # stepDefinitions.Contact_Us.iEnterAUniqueFirstname()
  When I enter a username webdriver                                                # stepDefinitions.Login.iEnterAUsername(java.lang.String)
  And I enter a unique last name                                             # stepDefinitions.Contact_Us.iEnterAUniqueLastName()
  And I enter a password webdriver123                                              # stepDefinitions.Login.iEnterAPassword(java.lang.String)
  And I enter a specific last name Blog                                      # stepDefinitions.Contact_Us.iEnterASpecificLastName(java.lang.String)
  And I click on login                                                             # stepDefinitions.Login.iClickOnLogin()
  And I enter a unique Email Address                                         # stepDefinitions.Contact_Us.iEnterAUniqueEmailAddressEmail()
  And I enter a unique comment                                               # stepDefinitions.Contact_Us.iEnterAUniqueComment()
  Then I should be presented with the following login message validation succeeded # stepDefinitions.Login.iShouldBePresentedWithTheFollowingLoginMessage(java.lang.String)
  And I enter a specific email joe@mail.com                                  # stepDefinitions.Contact_Us.iEnterASpecificEmailJoe_blogsMailCom(java.lang.String)
  And I click on the submit button                                           # stepDefinitions.Contact_Us.iClickOnTheSubmitButton()
  And I enter a specific comment "Hello world!"                              # stepDefinitions.Contact_Us.iEnterASpecificComment(java.lang.String)
  And I click on the submit button                                           # stepDefinitions.Contact_Us.iClickOnTheSubmitButton()
  Then I should be presented with a successful contact us submission message # stepDefinitions.Contact_Us.i_should_be_presented_with_a_successful_contact_us_submission_message()
  Then I should be presented with a successful contact us submission message # stepDefinitions.Contact_Us.i_should_be_presented_with_a_successful_contact_us_submission_message()
]]></system-out>
    <system-err><![CDATA[Parsing System property 'dataproviderthreadcount': java.lang.NumberFormatException: For input string: "${threadCount}"
]]></system-err>
  </testcase>
  <testcase name="runScenario[&quot;Validate Successful Submission - Unique Data&quot;, &quot;WebDriver University - Contact Us Page&quot;](3)" classname="runners.TestRunner" time="0.423">
    <failure message="Browser not supported: ${browserType}" type="java.lang.IllegalArgumentException"><![CDATA[java.lang.IllegalArgumentException: Browser not supported: ${browserType}
	at driver.DriverFactory.createDriver(DriverFactory.java:41)
	at driver.DriverFactory.getDriver(DriverFactory.java:19)
	at stepDefinitions.base.Hooks.setup(Hooks.java:21)
]]></failure>
  </testcase>
  <testcase name="runScenario[&quot;Validate Successful Submission - Specific Data&quot;, &quot;WebDriver University - Contact Us Page&quot;](3)" classname="runners.TestRunner" time="0.423">
    <failure message="Browser not supported: ${browserType}" type="java.lang.IllegalArgumentException"><![CDATA[java.lang.IllegalArgumentException: Browser not supported: ${browserType}
	at driver.DriverFactory.createDriver(DriverFactory.java:41)
	at driver.DriverFactory.getDriver(DriverFactory.java:19)
	at stepDefinitions.base.Hooks.setup(Hooks.java:21)
]]></failure>
  </testcase>
  <testcase name="runScenario[&quot;Validate - Unsuccessful and Unsuccessful Login&quot;, &quot;WebDriver University - Login&quot;](4)" classname="runners.TestRunner" time="0.046">
    <failure message="Browser not supported: ${browserType}" type="java.lang.IllegalArgumentException"><![CDATA[java.lang.IllegalArgumentException: Browser not supported: ${browserType}
	at driver.DriverFactory.createDriver(DriverFactory.java:41)
	at driver.DriverFactory.getDriver(DriverFactory.java:19)
	at stepDefinitions.base.Hooks.setup(Hooks.java:21)
]]></failure>
    <system-out><![CDATA[
@login @regression @smoke @ignore
Scenario Outline: Validate - Unsuccessful and Unsuccessful Login                   # src/test/resources/features/Login.feature:30

@login @regression @smoke @ignore
Scenario Outline: Validate - Unsuccessful and Unsuccessful Login                # src/test/resources/features/Login.feature:31
      java.lang.IllegalArgumentException: Browser not supported: ${browserType}
	at driver.DriverFactory.createDriver(DriverFactory.java:41)
	at driver.DriverFactory.getDriver(DriverFactory.java:19)
	at stepDefinitions.base.Hooks.setup(Hooks.java:21)

      java.lang.IllegalArgumentException: Browser not supported: ${browserType}
	at driver.DriverFactory.createDriver(DriverFactory.java:41)
	at driver.DriverFactory.getDriver(DriverFactory.java:19)
	at stepDefinitions.base.Hooks.setup(Hooks.java:21)


@login @regression
Scenario: Validate - Unsuccessful Login                                         # src/test/resources/features/Login.feature:14
  Given I can access WebDriver university website                                  # stepDefinitions.Login.iCanAccessWebDriverUniversityWebsite()
  Given I can access WebDriver university website                               # stepDefinitions.Login.iCanAccessWebDriverUniversityWebsite()
  When I enter a username webdriver                                                # stepDefinitions.Login.iEnterAUsername(java.lang.String)
      java.lang.IllegalArgumentException: Browser not supported: ${browserType}
	at driver.DriverFactory.createDriver(DriverFactory.java:41)
	at driver.DriverFactory.getDriver(DriverFactory.java:19)
	at stepDefinitions.base.Hooks.setup(Hooks.java:21)

  When I enter a username webdriver                                             # stepDefinitions.Login.iEnterAUsername(java.lang.String)
  And I enter a password webdriver123                                              # stepDefinitions.Login.iEnterAPassword(java.lang.String)
  Given I can access WebDriver university website                               # stepDefinitions.Login.iCanAccessWebDriverUniversityWebsite()
  And I enter a password webdriver1                                             # stepDefinitions.Login.iEnterAPassword(java.lang.String)
  And I click on login                                                             # stepDefinitions.Login.iClickOnLogin()
  When I enter a username webdriver                                             # stepDefinitions.Login.iEnterAUsername(java.lang.String)
  And I click on login                                                          # stepDefinitions.Login.iClickOnLogin()
  Then I should be presented with the following login message validation succeeded # stepDefinitions.Login.iShouldBePresentedWithTheFollowingLoginMessage(java.lang.String)
  Then I should be presented with the following login message validation failed # stepDefinitions.Login.iShouldBePresentedWithTheFollowingLoginMessage(java.lang.String)
  And I enter a password webdriver1                                             # stepDefinitions.Login.iEnterAPassword(java.lang.String)
  And I click on login                                                          # stepDefinitions.Login.iClickOnLogin()
]]></system-out>
  </testcase>
  <testcase name="runScenario[&quot;Validate - Unsuccessful and Unsuccessful Login&quot;, &quot;WebDriver University - Login&quot;](5)" classname="runners.TestRunner" time="0.0">
    <failure message="Browser not supported: ${browserType}" type="java.lang.IllegalArgumentException"><![CDATA[java.lang.IllegalArgumentException: Browser not supported: ${browserType}
	at driver.DriverFactory.createDriver(DriverFactory.java:41)
	at driver.DriverFactory.getDriver(DriverFactory.java:19)
	at stepDefinitions.base.Hooks.setup(Hooks.java:21)
]]></failure>
    <system-out><![CDATA[  Then I should be presented with the following login message validation failed # stepDefinitions.Login.iShouldBePresentedWithTheFollowingLoginMessage(java.lang.String)
]]></system-out>
  </testcase>
  <testcase name="runScenario[&quot;Validate - Unsuccessful Login&quot;, &quot;WebDriver University - Login&quot;](6)" classname="runners.TestRunner" time="0.0">
    <failure message="Browser not supported: ${browserType}" type="java.lang.IllegalArgumentException"><![CDATA[java.lang.IllegalArgumentException: Browser not supported: ${browserType}
	at driver.DriverFactory.createDriver(DriverFactory.java:41)
	at driver.DriverFactory.getDriver(DriverFactory.java:19)
	at stepDefinitions.base.Hooks.setup(Hooks.java:21)
]]></failure>
  </testcase>
  <testcase name="runScenario[&quot;Validate - Unsuccessful and Unsuccessful Login&quot;, &quot;WebDriver University - Login&quot;](7)" classname="runners.TestRunner" time="0.014">
    <failure message="Browser not supported: ${browserType}" type="java.lang.IllegalArgumentException"><![CDATA[java.lang.IllegalArgumentException: Browser not supported: ${browserType}
	at driver.DriverFactory.createDriver(DriverFactory.java:41)
	at driver.DriverFactory.getDriver(DriverFactory.java:19)
	at stepDefinitions.base.Hooks.setup(Hooks.java:21)
]]></failure>
    <system-out><![CDATA[
@login @regression @smoke @ignore
Scenario Outline: Validate - Unsuccessful and Unsuccessful Login                # src/test/resources/features/Login.feature:32
      java.lang.IllegalArgumentException: Browser not supported: ${browserType}
	at driver.DriverFactory.createDriver(DriverFactory.java:41)
	at driver.DriverFactory.getDriver(DriverFactory.java:19)
	at stepDefinitions.base.Hooks.setup(Hooks.java:21)

  Given I can access WebDriver university website                               # stepDefinitions.Login.iCanAccessWebDriverUniversityWebsite()
  When I enter a username joe_blogs                                             # stepDefinitions.Login.iEnterAUsername(java.lang.String)
  And I enter a password password1                                              # stepDefinitions.Login.iEnterAPassword(java.lang.String)
  And I click on login                                                          # stepDefinitions.Login.iClickOnLogin()
  Then I should be presented with the following login message validation failed # stepDefinitions.Login.iShouldBePresentedWithTheFollowingLoginMessage(java.lang.String)
]]></system-out>
  </testcase>
</testsuite>