<?xml version="1.0" encoding="UTF-8"?>
<testng-results ignored="0" total="7" passed="0" failed="7" skipped="0">
  <reporter-output>
  </reporter-output>
  <suite started-at="2024-07-17T18:23:00 SAST" name="Suite" finished-at="2024-07-17T18:23:02 SAST" duration-ms="2224">
    <groups>
      <group name="cucumber">
        <method signature="AbstractTestNGCucumberTests.runScenario(io.cucumber.testng.PickleWrapper,io.cucumber.testng.FeatureWrapper)[pri:0, instance:runners.TestRunner@6f27a732]" name="runScenario" class="io.cucumber.testng.AbstractTestNGCucumberTests"/>
      </group> <!-- cucumber -->
    </groups>
    <test started-at="2024-07-17T18:23:00 SAST" name="Test" finished-at="2024-07-17T18:23:02 SAST" duration-ms="2224">
      <class name="runners.TestRunner">
        <test-method is-config="true" signature="setUpClass(org.testng.ITestContext)[pri:0, instance:runners.TestRunner@6f27a732]" started-at="2024-07-17T18:23:00 SAST" name="setUpClass" finished-at="2024-07-17T18:23:02 SAST" duration-ms="1520" status="PASS">
          <params>
            <param index="0">
              <value>
                <![CDATA[org.testng.TestRunner@4a883b15]]>
              </value>
            </param>
          </params>
          <reporter-output>
          </reporter-output>
        </test-method> <!-- setUpClass -->
        <test-method signature="runScenario(io.cucumber.testng.PickleWrapper,io.cucumber.testng.FeatureWrapper)[pri:0, instance:runners.TestRunner@6f27a732]" started-at="2024-07-17T18:23:02 SAST" name="runScenario" description="Runs Cucumber Scenarios" data-provider="scenarios" finished-at="2024-07-17T18:23:02 SAST" duration-ms="403" status="FAIL">
          <params>
            <param index="0">
              <value>
                <![CDATA["Validate Successful Submission - Specific Data"]]>
              </value>
            </param>
            <param index="1">
              <value>
                <![CDATA["WebDriver University - Contact Us Page"]]>
              </value>
            </param>
          </params>
          <exception class="java.lang.IllegalArgumentException">
            <message>
              <![CDATA[Browser not supported: ${browserType}]]>
            </message>
            <full-stacktrace>
              <![CDATA[java.lang.IllegalArgumentException: Browser not supported: ${browserType}
at driver.DriverFactory.createDriver(DriverFactory.java:41)
at driver.DriverFactory.getDriver(DriverFactory.java:19)
at stepDefinitions.base.Hooks.setup(Hooks.java:21)
]]>
            </full-stacktrace>
          </exception> <!-- java.lang.IllegalArgumentException -->
          <reporter-output>
          </reporter-output>
        </test-method> <!-- runScenario -->
        <test-method signature="runScenario(io.cucumber.testng.PickleWrapper,io.cucumber.testng.FeatureWrapper)[pri:0, instance:runners.TestRunner@6f27a732]" started-at="2024-07-17T18:23:02 SAST" name="runScenario" description="Runs Cucumber Scenarios" data-provider="scenarios" finished-at="2024-07-17T18:23:02 SAST" duration-ms="403" status="FAIL">
          <params>
            <param index="0">
              <value>
                <![CDATA["Validate - Successful & Unsuccessful Login"]]>
              </value>
            </param>
            <param index="1">
              <value>
                <![CDATA["WebDriver University - Login"]]>
              </value>
            </param>
          </params>
          <exception class="java.lang.IllegalArgumentException">
            <message>
              <![CDATA[Browser not supported: ${browserType}]]>
            </message>
            <full-stacktrace>
              <![CDATA[java.lang.IllegalArgumentException: Browser not supported: ${browserType}
at driver.DriverFactory.createDriver(DriverFactory.java:41)
at driver.DriverFactory.getDriver(DriverFactory.java:19)
at stepDefinitions.base.Hooks.setup(Hooks.java:21)
]]>
            </full-stacktrace>
          </exception> <!-- java.lang.IllegalArgumentException -->
          <reporter-output>
          </reporter-output>
        </test-method> <!-- runScenario -->
        <test-method signature="runScenario(io.cucumber.testng.PickleWrapper,io.cucumber.testng.FeatureWrapper)[pri:0, instance:runners.TestRunner@6f27a732]" started-at="2024-07-17T18:23:02 SAST" name="runScenario" description="Runs Cucumber Scenarios" data-provider="scenarios" finished-at="2024-07-17T18:23:02 SAST" duration-ms="403" status="FAIL">
          <params>
            <param index="0">
              <value>
                <![CDATA["Validate Successful Submission - Unique Data"]]>
              </value>
            </param>
            <param index="1">
              <value>
                <![CDATA["WebDriver University - Contact Us Page"]]>
              </value>
            </param>
          </params>
          <exception class="java.lang.IllegalArgumentException">
            <message>
              <![CDATA[Browser not supported: ${browserType}]]>
            </message>
            <full-stacktrace>
              <![CDATA[java.lang.IllegalArgumentException: Browser not supported: ${browserType}
at driver.DriverFactory.createDriver(DriverFactory.java:41)
at driver.DriverFactory.getDriver(DriverFactory.java:19)
at stepDefinitions.base.Hooks.setup(Hooks.java:21)
]]>
            </full-stacktrace>
          </exception> <!-- java.lang.IllegalArgumentException -->
          <reporter-output>
          </reporter-output>
        </test-method> <!-- runScenario -->
        <test-method signature="runScenario(io.cucumber.testng.PickleWrapper,io.cucumber.testng.FeatureWrapper)[pri:0, instance:runners.TestRunner@6f27a732]" started-at="2024-07-17T18:23:02 SAST" name="runScenario" description="Runs Cucumber Scenarios" data-provider="scenarios" finished-at="2024-07-17T18:23:02 SAST" duration-ms="51" status="FAIL">
          <params>
            <param index="0">
              <value>
                <![CDATA["Validate - Unsuccessful Login"]]>
              </value>
            </param>
            <param index="1">
              <value>
                <![CDATA["WebDriver University - Login"]]>
              </value>
            </param>
          </params>
          <exception class="java.lang.IllegalArgumentException">
            <message>
              <![CDATA[Browser not supported: ${browserType}]]>
            </message>
            <full-stacktrace>
              <![CDATA[java.lang.IllegalArgumentException: Browser not supported: ${browserType}
at driver.DriverFactory.createDriver(DriverFactory.java:41)
at driver.DriverFactory.getDriver(DriverFactory.java:19)
at stepDefinitions.base.Hooks.setup(Hooks.java:21)
]]>
            </full-stacktrace>
          </exception> <!-- java.lang.IllegalArgumentException -->
          <reporter-output>
          </reporter-output>
        </test-method> <!-- runScenario -->
        <test-method signature="runScenario(io.cucumber.testng.PickleWrapper,io.cucumber.testng.FeatureWrapper)[pri:0, instance:runners.TestRunner@6f27a732]" started-at="2024-07-17T18:23:02 SAST" name="runScenario" description="Runs Cucumber Scenarios" data-provider="scenarios" finished-at="2024-07-17T18:23:02 SAST" duration-ms="40" status="FAIL">
          <params>
            <param index="0">
              <value>
                <![CDATA["Validate - Unsuccessful and Unsuccessful Login"]]>
              </value>
            </param>
            <param index="1">
              <value>
                <![CDATA["WebDriver University - Login"]]>
              </value>
            </param>
          </params>
          <exception class="java.lang.IllegalArgumentException">
            <message>
              <![CDATA[Browser not supported: ${browserType}]]>
            </message>
            <full-stacktrace>
              <![CDATA[java.lang.IllegalArgumentException: Browser not supported: ${browserType}
at driver.DriverFactory.createDriver(DriverFactory.java:41)
at driver.DriverFactory.getDriver(DriverFactory.java:19)
at stepDefinitions.base.Hooks.setup(Hooks.java:21)
]]>
            </full-stacktrace>
          </exception> <!-- java.lang.IllegalArgumentException -->
          <reporter-output>
          </reporter-output>
        </test-method> <!-- runScenario -->
        <test-method signature="runScenario(io.cucumber.testng.PickleWrapper,io.cucumber.testng.FeatureWrapper)[pri:0, instance:runners.TestRunner@6f27a732]" started-at="2024-07-17T18:23:02 SAST" name="runScenario" description="Runs Cucumber Scenarios" data-provider="scenarios" finished-at="2024-07-17T18:23:02 SAST" duration-ms="44" status="FAIL">
          <params>
            <param index="0">
              <value>
                <![CDATA["Validate - Unsuccessful and Unsuccessful Login"]]>
              </value>
            </param>
            <param index="1">
              <value>
                <![CDATA["WebDriver University - Login"]]>
              </value>
            </param>
          </params>
          <exception class="java.lang.IllegalArgumentException">
            <message>
              <![CDATA[Browser not supported: ${browserType}]]>
            </message>
            <full-stacktrace>
              <![CDATA[java.lang.IllegalArgumentException: Browser not supported: ${browserType}
at driver.DriverFactory.createDriver(DriverFactory.java:41)
at driver.DriverFactory.getDriver(DriverFactory.java:19)
at stepDefinitions.base.Hooks.setup(Hooks.java:21)
]]>
            </full-stacktrace>
          </exception> <!-- java.lang.IllegalArgumentException -->
          <reporter-output>
          </reporter-output>
        </test-method> <!-- runScenario -->
        <test-method signature="runScenario(io.cucumber.testng.PickleWrapper,io.cucumber.testng.FeatureWrapper)[pri:0, instance:runners.TestRunner@6f27a732]" started-at="2024-07-17T18:23:02 SAST" name="runScenario" description="Runs Cucumber Scenarios" data-provider="scenarios" finished-at="2024-07-17T18:23:02 SAST" duration-ms="22" status="FAIL">
          <params>
            <param index="0">
              <value>
                <![CDATA["Validate - Unsuccessful and Unsuccessful Login"]]>
              </value>
            </param>
            <param index="1">
              <value>
                <![CDATA["WebDriver University - Login"]]>
              </value>
            </param>
          </params>
          <exception class="java.lang.IllegalArgumentException">
            <message>
              <![CDATA[Browser not supported: ${browserType}]]>
            </message>
            <full-stacktrace>
              <![CDATA[java.lang.IllegalArgumentException: Browser not supported: ${browserType}
at driver.DriverFactory.createDriver(DriverFactory.java:41)
at driver.DriverFactory.getDriver(DriverFactory.java:19)
at stepDefinitions.base.Hooks.setup(Hooks.java:21)
]]>
            </full-stacktrace>
          </exception> <!-- java.lang.IllegalArgumentException -->
          <reporter-output>
          </reporter-output>
        </test-method> <!-- runScenario -->
        <test-method is-config="true" signature="tearDownClass()[pri:0, instance:runners.TestRunner@6f27a732]" started-at="2024-07-17T18:23:02 SAST" name="tearDownClass" finished-at="2024-07-17T18:23:02 SAST" duration-ms="65" status="PASS">
          <reporter-output>
          </reporter-output>
        </test-method> <!-- tearDownClass -->
      </class> <!-- runners.TestRunner -->
    </test> <!-- Test -->
  </suite> <!-- Suite -->
</testng-results>
