<?xml version="1.0" encoding="UTF-8"?>
<!-- Generated by org.testng.reporters.JUnitReportReporter -->
<testsuite hostname="LAPTOP-04QVV94T" failures="0" tests="7" name="runners.TestRunner" time="1.366" errors="7" timestamp="2024-07-17T18:23:02 SAST" skipped="0">
  <testcase classname="runners.TestRunner" name="runScenario" time="0.403">
    <error message="Browser not supported: ${browserType}" type="java.lang.IllegalArgumentException">
      <![CDATA[java.lang.IllegalArgumentException: Browser not supported: ${browserType}
at driver.DriverFactory.createDriver(DriverFactory.java:41)
at driver.DriverFactory.getDriver(DriverFactory.java:19)
at stepDefinitions.base.Hooks.setup(Hooks.java:21)
]]>
    </error>
  </testcase> <!-- runScenario -->
  <testcase classname="runners.TestRunner" name="runScenario" time="0.040">
    <error message="Browser not supported: ${browserType}" type="java.lang.IllegalArgumentException">
      <![CDATA[java.lang.IllegalArgumentException: Browser not supported: ${browserType}
at driver.DriverFactory.createDriver(DriverFactory.java:41)
at driver.DriverFactory.getDriver(DriverFactory.java:19)
at stepDefinitions.base.Hooks.setup(Hooks.java:21)
]]>
    </error>
  </testcase> <!-- runScenario -->
  <testcase classname="runners.TestRunner" name="runScenario" time="0.403">
    <error message="Browser not supported: ${browserType}" type="java.lang.IllegalArgumentException">
      <![CDATA[java.lang.IllegalArgumentException: Browser not supported: ${browserType}
at driver.DriverFactory.createDriver(DriverFactory.java:41)
at driver.DriverFactory.getDriver(DriverFactory.java:19)
at stepDefinitions.base.Hooks.setup(Hooks.java:21)
]]>
    </error>
  </testcase> <!-- runScenario -->
  <testcase classname="runners.TestRunner" name="runScenario" time="0.022">
    <error message="Browser not supported: ${browserType}" type="java.lang.IllegalArgumentException">
      <![CDATA[java.lang.IllegalArgumentException: Browser not supported: ${browserType}
at driver.DriverFactory.createDriver(DriverFactory.java:41)
at driver.DriverFactory.getDriver(DriverFactory.java:19)
at stepDefinitions.base.Hooks.setup(Hooks.java:21)
]]>
    </error>
  </testcase> <!-- runScenario -->
  <testcase classname="runners.TestRunner" name="runScenario" time="0.403">
    <error message="Browser not supported: ${browserType}" type="java.lang.IllegalArgumentException">
      <![CDATA[java.lang.IllegalArgumentException: Browser not supported: ${browserType}
at driver.DriverFactory.createDriver(DriverFactory.java:41)
at driver.DriverFactory.getDriver(DriverFactory.java:19)
at stepDefinitions.base.Hooks.setup(Hooks.java:21)
]]>
    </error>
  </testcase> <!-- runScenario -->
  <testcase classname="runners.TestRunner" name="runScenario" time="0.044">
    <error message="Browser not supported: ${browserType}" type="java.lang.IllegalArgumentException">
      <![CDATA[java.lang.IllegalArgumentException: Browser not supported: ${browserType}
at driver.DriverFactory.createDriver(DriverFactory.java:41)
at driver.DriverFactory.getDriver(DriverFactory.java:19)
at stepDefinitions.base.Hooks.setup(Hooks.java:21)
]]>
    </error>
  </testcase> <!-- runScenario -->
  <testcase classname="runners.TestRunner" name="runScenario" time="0.051">
    <error message="Browser not supported: ${browserType}" type="java.lang.IllegalArgumentException">
      <![CDATA[java.lang.IllegalArgumentException: Browser not supported: ${browserType}
at driver.DriverFactory.createDriver(DriverFactory.java:41)
at driver.DriverFactory.getDriver(DriverFactory.java:19)
at stepDefinitions.base.Hooks.setup(Hooks.java:21)
]]>
    </error>
  </testcase> <!-- runScenario -->
</testsuite> <!-- runners.TestRunner -->
